PSIM LOG: process 0 of 1 created with pid=19889
<PROGRAM>
<open_wormholes>
<head>
*************************************************
* Starting [Matrix Distributed Processing]      *
* created by Massimo Di Pierro                  *
* copyrighted by www.metacryption.com           *
*************************************************
</head>
</open_wormholes>
Trying input file infile.in
Parameters lambda and kappa are changed to lattice versions: 
	lambda = 0.0103517 kappa = 0.13135
<allocate_lattice>
Initializing a mdp_lattice...
Lattice dimension: 16 x 8 x 8 x 8
Communicating...
Initializing random per mdp_site...
Adopting random_seed=0
Using a local random generator
Lattice created.
</allocate_lattice>


	magnetization at start = 0.00529742
2	magnetization after rotation = 0.0635381  	accaptance rate = 0.233936  	cluster size = 50.0163
3	magnetization after rotation = 0.0666113  	accaptance rate = 0.234143  	cluster size = 50.0244
4	magnetization after rotation = 0.087812  	accaptance rate = 0.234491  	cluster size = 50.0122
5	magnetization after rotation = 0.120761  	accaptance rate = 0.234174  	cluster size = 50.0163
6	magnetization after rotation = 0.106668  	accaptance rate = 0.235269  	cluster size = 50.0203
7	magnetization after rotation = 0.0918342  	accaptance rate = 0.233578  	cluster size = 50.0163
8	magnetization after rotation = 0.117924  	accaptance rate = 0.234601  	cluster size = 50.0122
9	magnetization after rotation = 0.118597  	accaptance rate = 0.235184  	cluster size = 50.0122
10	magnetization after rotation = 0.121457  	accaptance rate = 0.234064  	cluster size = 50.0122
<close_wormholes>
<foot>
*************************************************
* Ending [Matrix Distributed Processing]        *
* Process 0 stats: CPU=27.13% PROCESS=27.94% COMM=0.00%
* (above numbers make no sense under windows)
*************************************************
</foot>
PROCESS 0 ENDING AFTER 0.616999 sec.
</close_wormholes>
</PROGRAM>
PSIM LOG: process 0 terminating

real	0m0.619s
user	0m0.618s
sys	0m0.001s
